[INFO] Scanning for projects...
[INFO]                                                                         
[INFO] ------------------------------------------------------------------------
[INFO] Building simple-it 1.0-SNAPSHOT
[INFO] ------------------------------------------------------------------------
[INFO] 
[INFO] --- docker-maven-plugin:0.0.1-SNAPSHOT:build (touch) @ simple-it ---
[INFO] Building image 'from_maven' with tag '1.0-SNAPSHOT'
[INFO] build: ProgressMessage{id=null, status=null, stream=Step 1 : FROM alpine
, error=null, progress=null, progressDetail=null}
[INFO] build: ProgressMessage{id=null, status=null, stream= ---> 4e38e38c8ce0
, error=null, progress=null, progressDetail=null}
[INFO] build: ProgressMessage{id=null, status=null, stream=Step 2 : ADD simple-it-1.0-SNAPSHOT.jar /code/
, error=null, progress=null, progressDetail=null}
[INFO] build: ProgressMessage{id=null, status=null, stream= ---> fa548b6fa37f
, error=null, progress=null, progressDetail=null}
[INFO] build: ProgressMessage{id=null, status=null, stream=Removing intermediate container fcae50c5e732
, error=null, progress=null, progressDetail=null}
[INFO] build: ProgressMessage{id=null, status=null, stream=Successfully built fa548b6fa37f
, error=null, progress=null, progressDetail=null}
[INFO] 
[INFO] --- maven-resources-plugin:2.6:resources (default-resources) @ simple-it ---
[INFO] Using 'UTF-8' encoding to copy filtered resources.
[INFO] skip non existing resourceDirectory C:\Users\Usuario\Proyectos\CodedPoetry\docker-maven-plugin\src\it\simple-it\src\main\resources
[INFO] 
[INFO] --- maven-compiler-plugin:3.1:compile (default-compile) @ simple-it ---
[INFO] No sources to compile
[INFO] 
[INFO] --- maven-resources-plugin:2.6:testResources (default-testResources) @ simple-it ---
[INFO] Using 'UTF-8' encoding to copy filtered resources.
[INFO] Copying 1 resource
[INFO] 
[INFO] --- maven-compiler-plugin:3.1:testCompile (default-testCompile) @ simple-it ---
[INFO] No sources to compile
[INFO] 
[INFO] --- maven-surefire-plugin:2.12.4:test (default-test) @ simple-it ---
[INFO] 
[INFO] --- maven-jar-plugin:2.4:jar (default-jar) @ simple-it ---
[WARNING] JAR will be empty - no content was marked for inclusion!
[INFO] Building jar: C:\Users\Usuario\Proyectos\CodedPoetry\docker-maven-plugin\src\it\simple-it\target\simple-it-1.0-SNAPSHOT.jar
[INFO] ------------------------------------------------------------------------
[INFO] BUILD SUCCESS
[INFO] ------------------------------------------------------------------------
[INFO] Total time: 3.579 s
[INFO] Finished at: 2016-12-08T16:10:59+01:00
[INFO] Final Memory: 20M/175M
[INFO] ------------------------------------------------------------------------
